  Source.cpp
c:\users\falcu\source\repos\livefaceblurring\livefaceblurring\source.cpp(48): warning C4244: 'argument': conversion from 'double' to '_Tp', possible loss of data
          with
          [
              _Tp=int
          ]
c:\users\falcu\source\repos\livefaceblurring\livefaceblurring\source.cpp(49): warning C4244: 'argument': conversion from 'double' to '_Tp', possible loss of data
          with
          [
              _Tp=int
          ]
c:\users\falcu\source\repos\livefaceblurring\livefaceblurring\source.cpp(57): warning C4244: 'argument': conversion from 'double' to '_Tp', possible loss of data
          with
          [
              _Tp=int
          ]
  Generating code
  1 of 133 functions ( 0.8%) were compiled, the rest were copied from previous compilation.
    0 functions were new in current compilation
    0 functions had inline decision re-evaluated but remain unchanged
  Finished generating code
  LiveFaceBlurring.vcxproj -> C:\Users\falcu\source\repos\LiveFaceBlurring\x64\Release\LiveFaceBlurring.exe
